[debug] [2022-06-16T23:04:52.004Z] ----------------------------------------------------------------------
[debug] [2022-06-16T23:04:52.006Z] Command:       /home/ubuntu/.nvm/versions/node/v16.14.2/bin/node /home/ubuntu/.nvm/versions/node/v16.14.2/bin/firebase emulators:start --import .firebase-emulators
[debug] [2022-06-16T23:04:52.006Z] CLI Version:   11.1.0
[debug] [2022-06-16T23:04:52.006Z] Platform:      linux
[debug] [2022-06-16T23:04:52.006Z] Node Version:  v16.14.2
[debug] [2022-06-16T23:04:52.006Z] Time:          Thu Jun 16 2022 20:04:52 GMT-0300 (Brasilia Standard Time)
[debug] [2022-06-16T23:04:52.007Z] ----------------------------------------------------------------------
[debug] 
[debug] [2022-06-16T23:04:52.064Z] > command requires scopes: ["email","openid","https://www.googleapis.com/auth/cloudplatformprojects.readonly","https://www.googleapis.com/auth/firebase","https://www.googleapis.com/auth/cloud-platform"]
[debug] [2022-06-16T23:04:52.064Z] > authorizing via signed-in user (marcos.kichel@gmail.com)
[debug] [2022-06-16T23:04:52.110Z] openjdk version "11.0.15" 2022-04-19
OpenJDK Runtime Environment (build 11.0.15+10-Ubuntu-0ubuntu0.20.04.1)
OpenJDK 64-Bit Server VM (build 11.0.15+10-Ubuntu-0ubuntu0.20.04.1, mixed mode, sharing)

[debug] [2022-06-16T23:04:52.116Z] Parsed Java major version: 11
[info] i  emulators: Starting emulators: auth, firestore {"metadata":{"emulator":{"name":"hub"},"message":"Starting emulators: auth, firestore"}}
[debug] [2022-06-16T23:04:52.137Z] [hub] writing locator at /tmp/hub-gandalf-web-dev.json
[info] i  firestore: Importing data from /home/ubuntu/projects/gandalf-web/.firebase-emulators/firestore_export/firestore_export.overall_export_metadata {"metadata":{"emulator":{"name":"firestore"},"message":"Importing data from /home/ubuntu/projects/gandalf-web/.firebase-emulators/firestore_export/firestore_export.overall_export_metadata"}}
[debug] [2022-06-16T23:04:52.148Z] Ignoring unsupported arg: projectId {"metadata":{"emulator":{"name":"firestore"},"message":"Ignoring unsupported arg: projectId"}}
[debug] [2022-06-16T23:04:52.149Z] Ignoring unsupported arg: auto_download {"metadata":{"emulator":{"name":"firestore"},"message":"Ignoring unsupported arg: auto_download"}}
[debug] [2022-06-16T23:04:52.149Z] Starting Firestore Emulator with command {"binary":"java","args":["-Djava.net.preferIPv4Stack=true","-Dgoogle.cloud_firestore.debug_log_level=FINE","-Duser.language=en","-jar","/home/ubuntu/.cache/firebase/emulators/cloud-firestore-emulator-v1.14.3.jar","--host","127.0.0.1","--port",8080,"--seed_from_export","/home/ubuntu/projects/gandalf-web/.firebase-emulators/firestore_export/firestore_export.overall_export_metadata","--rules","/home/ubuntu/projects/gandalf-web/firestore.rules"],"optionalArgs":["port","webchannel_port","host","rules","functions_emulator","seed_from_export"],"joinArgs":false} {"metadata":{"emulator":{"name":"firestore"},"message":"Starting Firestore Emulator with command {\"binary\":\"java\",\"args\":[\"-Djava.net.preferIPv4Stack=true\",\"-Dgoogle.cloud_firestore.debug_log_level=FINE\",\"-Duser.language=en\",\"-jar\",\"/home/ubuntu/.cache/firebase/emulators/cloud-firestore-emulator-v1.14.3.jar\",\"--host\",\"127.0.0.1\",\"--port\",8080,\"--seed_from_export\",\"/home/ubuntu/projects/gandalf-web/.firebase-emulators/firestore_export/firestore_export.overall_export_metadata\",\"--rules\",\"/home/ubuntu/projects/gandalf-web/firestore.rules\"],\"optionalArgs\":[\"port\",\"webchannel_port\",\"host\",\"rules\",\"functions_emulator\",\"seed_from_export\"],\"joinArgs\":false}"}}
[info] i  firestore: Firestore Emulator logging to firestore-debug.log {"metadata":{"emulator":{"name":"firestore"},"message":"Firestore Emulator logging to \u001b[1mfirestore-debug.log\u001b[22m"}}
[debug] [2022-06-16T23:04:52.923Z] Jun 16, 2022 8:04:52 PM com.google.cloud.datastore.emulator.firestore.websocket.WebSocketServer start
INFO: Started WebSocket server on ws://127.0.0.1:36525
 {"metadata":{"emulator":{"name":"firestore"},"message":"Jun 16, 2022 8:04:52 PM com.google.cloud.datastore.emulator.firestore.websocket.WebSocketServer start\nINFO: Started WebSocket server on ws://127.0.0.1:36525\n"}}
[debug] [2022-06-16T23:04:52.946Z] API endpoint: http://127.0.0.1:8080
 {"metadata":{"emulator":{"name":"firestore"},"message":"API endpoint: http://127.0.0.1:8080\n"}}
[debug] [2022-06-16T23:04:52.947Z] If you are using a library that supports the FIRESTORE_EMULATOR_HOST environment variable, run:

   export FIRESTORE_EMULATOR_HOST=127.0.0.1:8080

Dev App Server is now running.

 {"metadata":{"emulator":{"name":"firestore"},"message":"If you are using a library that supports the FIRESTORE_EMULATOR_HOST environment variable, run:\n\n   export FIRESTORE_EMULATOR_HOST=127.0.0.1:8080\n\nDev App Server is now running.\n\n"}}
[info] i  auth: Importing config from /home/ubuntu/projects/gandalf-web/.firebase-emulators/auth_export/config.json {"metadata":{"emulator":{"name":"database"},"message":"Importing config from /home/ubuntu/projects/gandalf-web/.firebase-emulators/auth_export/config.json"}}
[info] i  auth: Importing accounts from /home/ubuntu/projects/gandalf-web/.firebase-emulators/auth_export/accounts.json {"metadata":{"emulator":{"name":"database"},"message":"Importing accounts from /home/ubuntu/projects/gandalf-web/.firebase-emulators/auth_export/accounts.json"}}
[debug] [2022-06-16T23:04:59.125Z] Ignoring unsupported arg: auto_download {"metadata":{"emulator":{"name":"ui"},"message":"Ignoring unsupported arg: auto_download"}}
[debug] [2022-06-16T23:04:59.126Z] Ignoring unsupported arg: port {"metadata":{"emulator":{"name":"ui"},"message":"Ignoring unsupported arg: port"}}
[debug] [2022-06-16T23:04:59.126Z] Starting Emulator UI with command {"binary":"node","args":["--dns-result-order=ipv4first","/home/ubuntu/.cache/firebase/emulators/ui-v1.7.0/server.bundle.js"],"optionalArgs":[],"joinArgs":false} {"metadata":{"emulator":{"name":"ui"},"message":"Starting Emulator UI with command {\"binary\":\"node\",\"args\":[\"--dns-result-order=ipv4first\",\"/home/ubuntu/.cache/firebase/emulators/ui-v1.7.0/server.bundle.js\"],\"optionalArgs\":[],\"joinArgs\":false}"}}
[info] i  ui: Emulator UI logging to ui-debug.log {"metadata":{"emulator":{"name":"ui"},"message":"Emulator UI logging to \u001b[1mui-debug.log\u001b[22m"}}
[debug] [2022-06-16T23:04:59.257Z] Web / API server started at 127.0.0.1:4000
 {"metadata":{"emulator":{"name":"ui"},"message":"Web / API server started at 127.0.0.1:4000\n"}}
[info] 
┌─────────────────────────────────────────────────────────────┐
│ ✔  All emulators ready! It is now safe to connect your app. │
│ i  View Emulator UI at http://127.0.0.1:4000                │
└─────────────────────────────────────────────────────────────┘

┌────────────────┬────────────────┬─────────────────────────────────┐
│ Emulator       │ Host:Port      │ View in Emulator UI             │
├────────────────┼────────────────┼─────────────────────────────────┤
│ Authentication │ 127.0.0.1:9099 │ http://127.0.0.1:4000/auth      │
├────────────────┼────────────────┼─────────────────────────────────┤
│ Firestore      │ 127.0.0.1:8080 │ http://127.0.0.1:4000/firestore │
└────────────────┴────────────────┴─────────────────────────────────┘
  Emulator Hub running at 127.0.0.1:4400
  Other reserved ports: 4500

Issues? Report them at https://github.com/firebase/firebase-tools/issues and attach the *-debug.log files.
 
[warn] ⚠  Error: Internal state invariant broken: no user with ID: RMNzShRBNV0CzaMKnbaa4dgT3Vx7
    at AgentProjectState.getUserByLocalIdAssertingExists (/home/ubuntu/.nvm/versions/node/v16.14.2/lib/node_modules/firebase-tools/lib/emulator/auth/state.js:208:19)
    at AgentProjectState.validateRefreshToken (/home/ubuntu/.nvm/versions/node/v16.14.2/lib/node_modules/firebase-tools/lib/emulator/auth/state.js:295:24)
    at grantToken (/home/ubuntu/.nvm/versions/node/v16.14.2/lib/node_modules/firebase-tools/lib/emulator/auth/operations.js:1199:38)
    at Proxy.<anonymous> (/home/ubuntu/.nvm/versions/node/v16.14.2/lib/node_modules/firebase-tools/lib/emulator/auth/server.js:375:20)
    at /home/ubuntu/.nvm/versions/node/v16.14.2/lib/node_modules/firebase-tools/node_modules/promise-breaker/index.js:265:46
    at processTicksAndRejections (node:internal/process/task_queues:96:5) {"metadata":{"emulator":{"name":"auth"},"message":"Error: Internal state invariant broken: no user with ID: RMNzShRBNV0CzaMKnbaa4dgT3Vx7\n    at AgentProjectState.getUserByLocalIdAssertingExists (/home/ubuntu/.nvm/versions/node/v16.14.2/lib/node_modules/firebase-tools/lib/emulator/auth/state.js:208:19)\n    at AgentProjectState.validateRefreshToken (/home/ubuntu/.nvm/versions/node/v16.14.2/lib/node_modules/firebase-tools/lib/emulator/auth/state.js:295:24)\n    at grantToken (/home/ubuntu/.nvm/versions/node/v16.14.2/lib/node_modules/firebase-tools/lib/emulator/auth/operations.js:1199:38)\n    at Proxy.<anonymous> (/home/ubuntu/.nvm/versions/node/v16.14.2/lib/node_modules/firebase-tools/lib/emulator/auth/server.js:375:20)\n    at /home/ubuntu/.nvm/versions/node/v16.14.2/lib/node_modules/firebase-tools/node_modules/promise-breaker/index.js:265:46\n    at processTicksAndRejections (node:internal/process/task_queues:96:5)"}}
[debug] [2022-06-16T23:10:59.939Z] Jun 16, 2022 8:10:59 PM io.gapi.emulators.netty.HttpVersionRoutingHandler channelRead
INFO: Detected non-HTTP/2 connection.
 {"metadata":{"emulator":{"name":"firestore"},"message":"Jun 16, 2022 8:10:59 PM io.gapi.emulators.netty.HttpVersionRoutingHandler channelRead\nINFO: Detected non-HTTP/2 connection.\n"}}
[debug] [2022-06-16T23:10:59.977Z] Jun 16, 2022 8:10:59 PM com.google.cloud.datastore.emulator.firestore.websocket.WebSocketChannelHandler initChannel
INFO: Connected to new websocket client
 {"metadata":{"emulator":{"name":"firestore"},"message":"Jun 16, 2022 8:10:59 PM com.google.cloud.datastore.emulator.firestore.websocket.WebSocketChannelHandler initChannel\nINFO: Connected to new websocket client\n"}}
[debug] [2022-06-16T23:11:03.976Z] Jun 16, 2022 8:11:03 PM io.gapi.emulators.netty.HttpVersionRoutingHandler channelRead
INFO: Detected non-HTTP/2 connection.
 {"metadata":{"emulator":{"name":"firestore"},"message":"Jun 16, 2022 8:11:03 PM io.gapi.emulators.netty.HttpVersionRoutingHandler channelRead\nINFO: Detected non-HTTP/2 connection.\n"}}
[debug] [2022-06-16T23:11:05.998Z] Jun 16, 2022 8:11:05 PM io.gapi.emulators.netty.HttpVersionRoutingHandler channelRead
INFO: Detected non-HTTP/2 connection.
 {"metadata":{"emulator":{"name":"firestore"},"message":"Jun 16, 2022 8:11:05 PM io.gapi.emulators.netty.HttpVersionRoutingHandler channelRead\nINFO: Detected non-HTTP/2 connection.\n"}}
[debug] [2022-06-16T23:11:08.016Z] Jun 16, 2022 8:11:08 PM io.gapi.emulators.netty.HttpVersionRoutingHandler channelRead
INFO: Detected non-HTTP/2 connection.
 {"metadata":{"emulator":{"name":"firestore"},"message":"Jun 16, 2022 8:11:08 PM io.gapi.emulators.netty.HttpVersionRoutingHandler channelRead\nINFO: Detected non-HTTP/2 connection.\n"}}
[debug] [2022-06-16T23:11:10.039Z] Jun 16, 2022 8:11:10 PM io.gapi.emulators.netty.HttpVersionRoutingHandler channelRead
INFO: Detected non-HTTP/2 connection.
 {"metadata":{"emulator":{"name":"firestore"},"message":"Jun 16, 2022 8:11:10 PM io.gapi.emulators.netty.HttpVersionRoutingHandler channelRead\nINFO: Detected non-HTTP/2 connection.\n"}}
[debug] [2022-06-16T23:12:02.864Z] Jun 16, 2022 8:12:02 PM io.gapi.emulators.netty.HttpVersionRoutingHandler channelRead
INFO: Detected non-HTTP/2 connection.
 {"metadata":{"emulator":{"name":"firestore"},"message":"Jun 16, 2022 8:12:02 PM io.gapi.emulators.netty.HttpVersionRoutingHandler channelRead\nINFO: Detected non-HTTP/2 connection.\n"}}
[debug] [2022-06-16T23:12:32.822Z] Jun 16, 2022 8:12:32 PM io.gapi.emulators.netty.HttpVersionRoutingHandler channelRead
INFO: Detected non-HTTP/2 connection.
 {"metadata":{"emulator":{"name":"firestore"},"message":"Jun 16, 2022 8:12:32 PM io.gapi.emulators.netty.HttpVersionRoutingHandler channelRead\nINFO: Detected non-HTTP/2 connection.\n"}}
[debug] [2022-06-16T23:14:17.660Z] Jun 16, 2022 8:14:17 PM io.gapi.emulators.netty.HttpVersionRoutingHandler channelRead
INFO: Detected non-HTTP/2 connection.
 {"metadata":{"emulator":{"name":"firestore"},"message":"Jun 16, 2022 8:14:17 PM io.gapi.emulators.netty.HttpVersionRoutingHandler channelRead\nINFO: Detected non-HTTP/2 connection.\n"}}
[debug] [2022-06-16T23:14:21.067Z] Jun 16, 2022 8:14:21 PM io.gapi.emulators.netty.HttpVersionRoutingHandler channelRead
INFO: Detected non-HTTP/2 connection.
 {"metadata":{"emulator":{"name":"firestore"},"message":"Jun 16, 2022 8:14:21 PM io.gapi.emulators.netty.HttpVersionRoutingHandler channelRead\nINFO: Detected non-HTTP/2 connection.\n"}}
[debug] [2022-06-16T23:14:23.103Z] Jun 16, 2022 8:14:23 PM io.gapi.emulators.netty.HttpVersionRoutingHandler channelRead
INFO: Detected non-HTTP/2 connection.
 {"metadata":{"emulator":{"name":"firestore"},"message":"Jun 16, 2022 8:14:23 PM io.gapi.emulators.netty.HttpVersionRoutingHandler channelRead\nINFO: Detected non-HTTP/2 connection.\n"}}
[debug] [2022-06-16T23:14:25.125Z] Jun 16, 2022 8:14:25 PM io.gapi.emulators.netty.HttpVersionRoutingHandler channelRead
INFO: Detected non-HTTP/2 connection.
 {"metadata":{"emulator":{"name":"firestore"},"message":"Jun 16, 2022 8:14:25 PM io.gapi.emulators.netty.HttpVersionRoutingHandler channelRead\nINFO: Detected non-HTTP/2 connection.\n"}}
